========================================
WordCount Without Combiner
========================================
Input:  /user/root/input/skewed_data.txt
Output: /user/root/output/skewed_without_combiner
Combiner: DISABLED
========================================
25/11/30 14:06:59 INFO client.RMProxy: Connecting to ResourceManager at master/192.168.204.132:8032
25/11/30 14:07:00 WARN mapreduce.JobResourceUploader: Hadoop command-line option parsing not performed. Implement the Tool interface and execute your application with ToolRunner to remedy this.
25/11/30 14:07:00 INFO input.FileInputFormat: Total input paths to process : 1
25/11/30 14:07:01 INFO mapreduce.JobSubmitter: number of splits:5
25/11/30 14:07:01 INFO mapreduce.JobSubmitter: Submitting tokens for job: job_1764482064888_0003
25/11/30 14:07:01 INFO impl.YarnClientImpl: Submitted application application_1764482064888_0003
25/11/30 14:07:01 INFO mapreduce.Job: The url to track the job: http://master:8088/proxy/application_1764482064888_0003/
25/11/30 14:07:01 INFO mapreduce.Job: Running job: job_1764482064888_0003
25/11/30 14:07:08 INFO mapreduce.Job: Job job_1764482064888_0003 running in uber mode : false
25/11/30 14:07:08 INFO mapreduce.Job:  map 0% reduce 0%
25/11/30 14:07:27 INFO mapreduce.Job:  map 2% reduce 0%
25/11/30 14:07:31 INFO mapreduce.Job:  map 5% reduce 0%
25/11/30 14:07:32 INFO mapreduce.Job:  map 8% reduce 0%
25/11/30 14:07:33 INFO mapreduce.Job:  map 9% reduce 0%
25/11/30 14:07:34 INFO mapreduce.Job:  map 10% reduce 0%
25/11/30 14:07:35 INFO mapreduce.Job:  map 13% reduce 0%
25/11/30 14:07:36 INFO mapreduce.Job:  map 15% reduce 0%
25/11/30 14:07:37 INFO mapreduce.Job:  map 16% reduce 0%
25/11/30 14:07:38 INFO mapreduce.Job:  map 18% reduce 0%
25/11/30 14:07:39 INFO mapreduce.Job:  map 19% reduce 0%
25/11/30 14:07:40 INFO mapreduce.Job:  map 20% reduce 0%
25/11/30 14:07:41 INFO mapreduce.Job:  map 21% reduce 0%
25/11/30 14:07:43 INFO mapreduce.Job:  map 24% reduce 0%
25/11/30 14:07:49 INFO mapreduce.Job:  map 27% reduce 0%
25/11/30 14:07:52 INFO mapreduce.Job:  map 32% reduce 0%
25/11/30 14:07:53 INFO mapreduce.Job:  map 34% reduce 0%
25/11/30 14:07:55 INFO mapreduce.Job:  map 36% reduce 0%
25/11/30 14:07:56 INFO mapreduce.Job:  map 38% reduce 0%
25/11/30 14:08:02 INFO mapreduce.Job:  map 43% reduce 0%
25/11/30 14:08:05 INFO mapreduce.Job:  map 46% reduce 0%
25/11/30 14:08:08 INFO mapreduce.Job:  map 51% reduce 0%
25/11/30 14:08:09 INFO mapreduce.Job:  map 53% reduce 0%
25/11/30 14:08:11 INFO mapreduce.Job:  map 54% reduce 0%
25/11/30 14:08:12 INFO mapreduce.Job:  map 55% reduce 0%
25/11/30 14:08:14 INFO mapreduce.Job:  map 56% reduce 0%
25/11/30 14:08:17 INFO mapreduce.Job:  map 59% reduce 0%
25/11/30 14:08:18 INFO mapreduce.Job:  map 62% reduce 0%
25/11/30 14:08:20 INFO mapreduce.Job:  map 65% reduce 0%
25/11/30 14:08:21 INFO mapreduce.Job:  map 67% reduce 0%
25/11/30 14:08:29 INFO mapreduce.Job:  map 68% reduce 0%
25/11/30 14:08:30 INFO mapreduce.Job:  map 69% reduce 0%
25/11/30 14:08:31 INFO mapreduce.Job:  map 71% reduce 0%
25/11/30 14:08:32 INFO mapreduce.Job:  map 72% reduce 0%
25/11/30 14:08:33 INFO mapreduce.Job:  map 74% reduce 0%
25/11/30 14:08:34 INFO mapreduce.Job:  map 75% reduce 0%
25/11/30 14:08:35 INFO mapreduce.Job:  map 77% reduce 0%
25/11/30 14:08:36 INFO mapreduce.Job:  map 81% reduce 0%
25/11/30 14:08:38 INFO mapreduce.Job:  map 83% reduce 0%
25/11/30 14:08:40 INFO mapreduce.Job:  map 86% reduce 0%
25/11/30 14:08:41 INFO mapreduce.Job:  map 87% reduce 0%
25/11/30 14:08:42 INFO mapreduce.Job:  map 88% reduce 0%
25/11/30 14:08:43 INFO mapreduce.Job:  map 92% reduce 0%
25/11/30 14:08:44 INFO mapreduce.Job:  map 93% reduce 0%
25/11/30 14:08:45 INFO mapreduce.Job:  map 95% reduce 0%
25/11/30 14:08:46 INFO mapreduce.Job:  map 99% reduce 0%
25/11/30 14:08:47 INFO mapreduce.Job:  map 100% reduce 0%
25/11/30 14:09:00 INFO mapreduce.Job:  map 100% reduce 68%
25/11/30 14:09:03 INFO mapreduce.Job:  map 100% reduce 72%
25/11/30 14:09:06 INFO mapreduce.Job:  map 100% reduce 75%
25/11/30 14:09:09 INFO mapreduce.Job:  map 100% reduce 79%
25/11/30 14:09:12 INFO mapreduce.Job:  map 100% reduce 82%
25/11/30 14:09:15 INFO mapreduce.Job:  map 100% reduce 85%
25/11/30 14:09:18 INFO mapreduce.Job:  map 100% reduce 88%
25/11/30 14:09:21 INFO mapreduce.Job:  map 100% reduce 91%
25/11/30 14:09:24 INFO mapreduce.Job:  map 100% reduce 94%
25/11/30 14:09:27 INFO mapreduce.Job:  map 100% reduce 97%
25/11/30 14:09:30 INFO mapreduce.Job:  map 100% reduce 100%
25/11/30 14:09:31 INFO mapreduce.Job: Job job_1764482064888_0003 completed successfully
25/11/30 14:09:31 INFO mapreduce.Job: Counters: 49
	File System Counters
		FILE: Number of bytes read=1939999886
		FILE: Number of bytes written=2910709907
		FILE: Number of read operations=0
		FILE: Number of large read operations=0
		FILE: Number of write operations=0
		HDFS: Number of bytes read=671016827
		HDFS: Number of bytes written=197498
		HDFS: Number of read operations=18
		HDFS: Number of large read operations=0
		HDFS: Number of write operations=2
	Job Counters 
		Launched map tasks=5
		Launched reduce tasks=1
		Data-local map tasks=5
		Total time spent by all maps in occupied slots (ms)=477744
		Total time spent by all reduces in occupied slots (ms)=41392
		Total time spent by all map tasks (ms)=477744
		Total time spent by all reduce tasks (ms)=41392
		Total vcore-milliseconds taken by all map tasks=477744
		Total vcore-milliseconds taken by all reduce tasks=41392
		Total megabyte-milliseconds taken by all map tasks=489209856
		Total megabyte-milliseconds taken by all reduce tasks=42385408
	Map-Reduce Framework
		Map input records=1000000
		Map output records=50000000
		Map output bytes=869999868
		Map output materialized bytes=969999898
		Input split bytes=575
		Combine input records=0
		Combine output records=0
		Reduce input groups=10000
		Reduce shuffle bytes=969999898
		Reduce input records=50000000
		Reduce output records=10000
		Spilled Records=150000000
		Shuffled Maps =5
		Failed Shuffles=0
		Merged Map outputs=5
		GC time elapsed (ms)=24613
		CPU time spent (ms)=311020
		Physical memory (bytes) snapshot=1253453824
		Virtual memory (bytes) snapshot=12690972672
		Total committed heap usage (bytes)=1138753536
	Shuffle Errors
		BAD_ID=0
		CONNECTION=0
		IO_ERROR=0
		WRONG_LENGTH=0
		WRONG_MAP=0
		WRONG_REDUCE=0
	File Input Format Counters 
		Bytes Read=671016252
	File Output Format Counters 
		Bytes Written=197498
EXECUTION_TIME=155
