========================================
WordCount With Combiner
========================================
Input:  /user/root/input/skewed_data.txt
Output: /user/root/output/skewed_with_combiner
Combiner: ENABLED
========================================
25/11/30 14:09:37 INFO client.RMProxy: Connecting to ResourceManager at master/192.168.204.132:8032
25/11/30 14:09:37 WARN mapreduce.JobResourceUploader: Hadoop command-line option parsing not performed. Implement the Tool interface and execute your application with ToolRunner to remedy this.
25/11/30 14:09:38 INFO input.FileInputFormat: Total input paths to process : 1
25/11/30 14:09:38 INFO mapreduce.JobSubmitter: number of splits:5
25/11/30 14:09:38 INFO mapreduce.JobSubmitter: Submitting tokens for job: job_1764482064888_0004
25/11/30 14:09:38 INFO impl.YarnClientImpl: Submitted application application_1764482064888_0004
25/11/30 14:09:38 INFO mapreduce.Job: The url to track the job: http://master:8088/proxy/application_1764482064888_0004/
25/11/30 14:09:38 INFO mapreduce.Job: Running job: job_1764482064888_0004
25/11/30 14:09:46 INFO mapreduce.Job: Job job_1764482064888_0004 running in uber mode : false
25/11/30 14:09:46 INFO mapreduce.Job:  map 0% reduce 0%
25/11/30 14:10:15 INFO mapreduce.Job:  map 6% reduce 0%
25/11/30 14:10:19 INFO mapreduce.Job:  map 16% reduce 0%
25/11/30 14:10:25 INFO mapreduce.Job:  map 18% reduce 0%
25/11/30 14:10:29 INFO mapreduce.Job:  map 19% reduce 0%
25/11/30 14:10:32 INFO mapreduce.Job:  map 21% reduce 0%
25/11/30 14:10:34 INFO mapreduce.Job:  map 23% reduce 0%
25/11/30 14:10:35 INFO mapreduce.Job:  map 28% reduce 0%
25/11/30 14:10:36 INFO mapreduce.Job:  map 29% reduce 0%
25/11/30 14:10:37 INFO mapreduce.Job:  map 31% reduce 0%
25/11/30 14:10:38 INFO mapreduce.Job:  map 33% reduce 0%
25/11/30 14:10:39 INFO mapreduce.Job:  map 35% reduce 0%
25/11/30 14:10:41 INFO mapreduce.Job:  map 37% reduce 0%
25/11/30 14:10:44 INFO mapreduce.Job:  map 39% reduce 0%
25/11/30 14:10:45 INFO mapreduce.Job:  map 41% reduce 0%
25/11/30 14:10:46 INFO mapreduce.Job:  map 42% reduce 0%
25/11/30 14:10:47 INFO mapreduce.Job:  map 44% reduce 0%
25/11/30 14:10:48 INFO mapreduce.Job:  map 47% reduce 0%
25/11/30 14:10:49 INFO mapreduce.Job:  map 49% reduce 0%
25/11/30 14:10:50 INFO mapreduce.Job:  map 51% reduce 0%
25/11/30 14:10:52 INFO mapreduce.Job:  map 52% reduce 0%
25/11/30 14:10:54 INFO mapreduce.Job:  map 56% reduce 0%
25/11/30 14:10:57 INFO mapreduce.Job:  map 62% reduce 0%
25/11/30 14:10:58 INFO mapreduce.Job:  map 64% reduce 0%
25/11/30 14:11:02 INFO mapreduce.Job:  map 73% reduce 0%
25/11/30 14:11:03 INFO mapreduce.Job:  map 87% reduce 0%
25/11/30 14:11:05 INFO mapreduce.Job:  map 93% reduce 0%
25/11/30 14:11:08 INFO mapreduce.Job:  map 100% reduce 0%
25/11/30 14:20:23 INFO mapreduce.Job: Task Id : attempt_1764482064888_0004_r_000000_0, Status : FAILED
Error: org.apache.hadoop.mapreduce.task.reduce.Shuffle$ShuffleError: error in shuffle in fetcher#5
	at org.apache.hadoop.mapreduce.task.reduce.Shuffle.run(Shuffle.java:134)
	at org.apache.hadoop.mapred.ReduceTask.run(ReduceTask.java:376)
	at org.apache.hadoop.mapred.YarnChild$2.run(YarnChild.java:164)
	at java.security.AccessController.doPrivileged(Native Method)
	at javax.security.auth.Subject.doAs(Subject.java:422)
	at org.apache.hadoop.security.UserGroupInformation.doAs(UserGroupInformation.java:1698)
	at org.apache.hadoop.mapred.YarnChild.main(YarnChild.java:158)
Caused by: java.io.IOException: Exceeded MAX_FAILED_UNIQUE_FETCHES; bailing-out.
	at org.apache.hadoop.mapreduce.task.reduce.ShuffleSchedulerImpl.checkReducerHealth(ShuffleSchedulerImpl.java:366)
	at org.apache.hadoop.mapreduce.task.reduce.ShuffleSchedulerImpl.copyFailed(ShuffleSchedulerImpl.java:288)
	at org.apache.hadoop.mapreduce.task.reduce.Fetcher.openShuffleUrl(Fetcher.java:282)
	at org.apache.hadoop.mapreduce.task.reduce.Fetcher.copyFromHost(Fetcher.java:323)
	at org.apache.hadoop.mapreduce.task.reduce.Fetcher.run(Fetcher.java:193)

25/11/30 14:21:13 INFO mapreduce.Job:  map 0% reduce 0%
25/11/30 14:21:25 INFO mapreduce.Job:  map 4% reduce 0%
25/11/30 14:21:26 INFO mapreduce.Job:  map 8% reduce 0%
25/11/30 14:21:27 INFO mapreduce.Job:  map 16% reduce 0%
25/11/30 14:21:29 INFO mapreduce.Job:  map 21% reduce 0%
25/11/30 14:21:30 INFO mapreduce.Job:  map 25% reduce 0%
25/11/30 14:21:31 INFO mapreduce.Job:  map 28% reduce 0%
25/11/30 14:21:32 INFO mapreduce.Job:  map 34% reduce 0%
25/11/30 14:21:33 INFO mapreduce.Job:  map 36% reduce 0%
25/11/30 14:21:35 INFO mapreduce.Job:  map 38% reduce 0%
25/11/30 14:21:36 INFO mapreduce.Job:  map 44% reduce 0%
25/11/30 14:21:37 INFO mapreduce.Job:  map 47% reduce 0%
25/11/30 14:21:38 INFO mapreduce.Job:  map 54% reduce 0%
25/11/30 14:21:40 INFO mapreduce.Job:  map 55% reduce 0%
25/11/30 14:21:42 INFO mapreduce.Job:  map 60% reduce 0%
25/11/30 14:21:43 INFO mapreduce.Job:  map 62% reduce 0%
25/11/30 14:21:44 INFO mapreduce.Job:  map 67% reduce 0%
25/11/30 14:21:45 INFO mapreduce.Job:  map 87% reduce 0%
25/11/30 14:21:46 INFO mapreduce.Job:  map 93% reduce 13%
25/11/30 14:21:47 INFO mapreduce.Job:  map 100% reduce 13%
25/11/30 14:21:48 INFO mapreduce.Job:  map 100% reduce 100%
25/11/30 14:21:49 INFO mapreduce.Job: Job job_1764482064888_0004 completed successfully
25/11/30 14:21:50 INFO mapreduce.Job: Counters: 50
	File System Counters
		FILE: Number of bytes read=5240126
		FILE: Number of bytes written=6999275
		FILE: Number of read operations=0
		FILE: Number of large read operations=0
		FILE: Number of write operations=0
		HDFS: Number of bytes read=671016827
		HDFS: Number of bytes written=197498
		HDFS: Number of read operations=18
		HDFS: Number of large read operations=0
		HDFS: Number of write operations=2
	Job Counters 
		Killed map tasks=5
		Launched map tasks=10
		Launched reduce tasks=1
		Other local map tasks=5
		Total time spent by all maps in occupied slots (ms)=1430998
		Total time spent by all reduces in occupied slots (ms)=29842
		Total time spent by all map tasks (ms)=1430998
		Total time spent by all reduce tasks (ms)=29842
		Total vcore-milliseconds taken by all map tasks=1430998
		Total vcore-milliseconds taken by all reduce tasks=29842
		Total megabyte-milliseconds taken by all map tasks=1465341952
		Total megabyte-milliseconds taken by all reduce tasks=30558208
	Map-Reduce Framework
		Map input records=1000000
		Map output records=50000000
		Map output bytes=869999868
		Map output materialized bytes=1048030
		Input split bytes=575
		Combine input records=50200000
		Combine output records=250000
		Reduce input groups=10000
		Reduce shuffle bytes=1048030
		Reduce input records=50000
		Reduce output records=10000
		Spilled Records=300000
		Shuffled Maps =5
		Failed Shuffles=0
		Merged Map outputs=5
		GC time elapsed (ms)=4072
		CPU time spent (ms)=143720
		Physical memory (bytes) snapshot=1506091008
		Virtual memory (bytes) snapshot=12692439040
		Total committed heap usage (bytes)=1136656384
	Shuffle Errors
		BAD_ID=0
		CONNECTION=0
		IO_ERROR=0
		WRONG_LENGTH=0
		WRONG_MAP=0
		WRONG_REDUCE=0
	File Input Format Counters 
		Bytes Read=671016252
	File Output Format Counters 
		Bytes Written=197498
EXECUTION_TIME=735
