========================================
WordCount With Combiner
========================================
Input:  /user/root/input/uniform_data.txt
Output: /user/root/output/uniform_with_combiner
Combiner: ENABLED
========================================
25/11/30 14:05:27 INFO client.RMProxy: Connecting to ResourceManager at master/192.168.204.132:8032
25/11/30 14:05:28 WARN mapreduce.JobResourceUploader: Hadoop command-line option parsing not performed. Implement the Tool interface and execute your application with ToolRunner to remedy this.
25/11/30 14:05:29 INFO input.FileInputFormat: Total input paths to process : 1
25/11/30 14:05:29 INFO mapreduce.JobSubmitter: number of splits:5
25/11/30 14:05:29 INFO mapreduce.JobSubmitter: Submitting tokens for job: job_1764482064888_0002
25/11/30 14:05:29 INFO impl.YarnClientImpl: Submitted application application_1764482064888_0002
25/11/30 14:05:29 INFO mapreduce.Job: The url to track the job: http://master:8088/proxy/application_1764482064888_0002/
25/11/30 14:05:29 INFO mapreduce.Job: Running job: job_1764482064888_0002
25/11/30 14:05:38 INFO mapreduce.Job: Job job_1764482064888_0002 running in uber mode : false
25/11/30 14:05:38 INFO mapreduce.Job:  map 0% reduce 0%
25/11/30 14:05:54 INFO mapreduce.Job:  map 20% reduce 0%
25/11/30 14:05:55 INFO mapreduce.Job:  map 23% reduce 0%
25/11/30 14:05:57 INFO mapreduce.Job:  map 27% reduce 0%
25/11/30 14:05:58 INFO mapreduce.Job:  map 28% reduce 0%
25/11/30 14:05:59 INFO mapreduce.Job:  map 35% reduce 0%
25/11/30 14:06:07 INFO mapreduce.Job:  map 42% reduce 0%
25/11/30 14:06:09 INFO mapreduce.Job:  map 45% reduce 0%
25/11/30 14:06:10 INFO mapreduce.Job:  map 47% reduce 0%
25/11/30 14:06:14 INFO mapreduce.Job:  map 47% reduce 7%
25/11/30 14:06:16 INFO mapreduce.Job:  map 48% reduce 7%
25/11/30 14:06:18 INFO mapreduce.Job:  map 50% reduce 7%
25/11/30 14:06:19 INFO mapreduce.Job:  map 55% reduce 7%
25/11/30 14:06:21 INFO mapreduce.Job:  map 56% reduce 7%
25/11/30 14:06:22 INFO mapreduce.Job:  map 58% reduce 7%
25/11/30 14:06:29 INFO mapreduce.Job:  map 61% reduce 7%
25/11/30 14:06:32 INFO mapreduce.Job:  map 66% reduce 7%
25/11/30 14:06:35 INFO mapreduce.Job:  map 70% reduce 7%
25/11/30 14:06:38 INFO mapreduce.Job:  map 71% reduce 7%
25/11/30 14:06:44 INFO mapreduce.Job:  map 74% reduce 7%
25/11/30 14:06:45 INFO mapreduce.Job:  map 78% reduce 7%
25/11/30 14:06:47 INFO mapreduce.Job:  map 79% reduce 7%
25/11/30 14:06:48 INFO mapreduce.Job:  map 79% reduce 13%
25/11/30 14:06:50 INFO mapreduce.Job:  map 86% reduce 13%
25/11/30 14:06:51 INFO mapreduce.Job:  map 87% reduce 13%
25/11/30 14:06:52 INFO mapreduce.Job:  map 93% reduce 13%
25/11/30 14:06:53 INFO mapreduce.Job:  map 100% reduce 13%
25/11/30 14:06:54 INFO mapreduce.Job:  map 100% reduce 100%
25/11/30 14:06:54 INFO mapreduce.Job: Job job_1764482064888_0002 completed successfully
25/11/30 14:06:54 INFO mapreduce.Job: Counters: 50
	File System Counters
		FILE: Number of bytes read=4250126
		FILE: Number of bytes written=5811269
		FILE: Number of read operations=0
		FILE: Number of large read operations=0
		FILE: Number of write operations=0
		HDFS: Number of bytes read=551016964
		HDFS: Number of bytes written=160000
		HDFS: Number of read operations=18
		HDFS: Number of large read operations=0
		HDFS: Number of write operations=2
	Job Counters 
		Killed map tasks=3
		Launched map tasks=8
		Launched reduce tasks=1
		Data-local map tasks=8
		Total time spent by all maps in occupied slots (ms)=394786
		Total time spent by all reduces in occupied slots (ms)=48334
		Total time spent by all map tasks (ms)=394786
		Total time spent by all reduce tasks (ms)=48334
		Total vcore-milliseconds taken by all map tasks=394786
		Total vcore-milliseconds taken by all reduce tasks=48334
		Total megabyte-milliseconds taken by all map tasks=404260864
		Total megabyte-milliseconds taken by all reduce tasks=49494016
	Map-Reduce Framework
		Map input records=1000000
		Map output records=50000000
		Map output bytes=750000000
		Map output materialized bytes=850030
		Input split bytes=580
		Combine input records=50200000
		Combine output records=250000
		Reduce input groups=10000
		Reduce shuffle bytes=850030
		Reduce input records=50000
		Reduce output records=10000
		Spilled Records=300000
		Shuffled Maps =5
		Failed Shuffles=0
		Merged Map outputs=5
		GC time elapsed (ms)=6938
		CPU time spent (ms)=191370
		Physical memory (bytes) snapshot=1326497792
		Virtual memory (bytes) snapshot=12690505728
		Total committed heap usage (bytes)=1131937792
	Shuffle Errors
		BAD_ID=0
		CONNECTION=0
		IO_ERROR=0
		WRONG_LENGTH=0
		WRONG_MAP=0
		WRONG_REDUCE=0
	File Input Format Counters 
		Bytes Read=551016384
	File Output Format Counters 
		Bytes Written=160000
EXECUTION_TIME=90
