========================================
WordCount With Combiner
========================================
Input:  /user/root/input/unique_data.txt
Output: /user/root/output/unique_with_combiner
Combiner: ENABLED
========================================
25/11/30 14:24:40 INFO client.RMProxy: Connecting to ResourceManager at master/192.168.204.132:8032
25/11/30 14:24:41 WARN mapreduce.JobResourceUploader: Hadoop command-line option parsing not performed. Implement the Tool interface and execute your application with ToolRunner to remedy this.
25/11/30 14:24:41 INFO input.FileInputFormat: Total input paths to process : 1
25/11/30 14:24:41 INFO mapreduce.JobSubmitter: number of splits:6
25/11/30 14:24:42 INFO mapreduce.JobSubmitter: Submitting tokens for job: job_1764482064888_0006
25/11/30 14:24:42 INFO impl.YarnClientImpl: Submitted application application_1764482064888_0006
25/11/30 14:24:42 INFO mapreduce.Job: The url to track the job: http://master:8088/proxy/application_1764482064888_0006/
25/11/30 14:24:42 INFO mapreduce.Job: Running job: job_1764482064888_0006
25/11/30 14:24:51 INFO mapreduce.Job: Job job_1764482064888_0006 running in uber mode : false
25/11/30 14:24:51 INFO mapreduce.Job:  map 0% reduce 0%
25/11/30 14:25:14 INFO mapreduce.Job:  map 2% reduce 0%
25/11/30 14:25:21 INFO mapreduce.Job:  map 3% reduce 0%
25/11/30 14:25:22 INFO mapreduce.Job:  map 5% reduce 0%
25/11/30 14:25:24 INFO mapreduce.Job:  map 8% reduce 0%
25/11/30 14:25:25 INFO mapreduce.Job:  map 17% reduce 0%
25/11/30 14:25:26 INFO mapreduce.Job:  map 18% reduce 0%
25/11/30 14:25:27 INFO mapreduce.Job:  map 19% reduce 0%
25/11/30 14:25:29 INFO mapreduce.Job:  map 23% reduce 0%
25/11/30 14:25:30 INFO mapreduce.Job:  map 24% reduce 0%
25/11/30 14:25:31 INFO mapreduce.Job:  map 25% reduce 0%
25/11/30 14:25:32 INFO mapreduce.Job:  map 26% reduce 0%
25/11/30 14:25:33 INFO mapreduce.Job:  map 27% reduce 0%
25/11/30 14:25:34 INFO mapreduce.Job:  map 33% reduce 0%
25/11/30 14:25:37 INFO mapreduce.Job:  map 34% reduce 0%
25/11/30 14:25:39 INFO mapreduce.Job:  map 35% reduce 0%
25/11/30 14:25:40 INFO mapreduce.Job:  map 36% reduce 0%
25/11/30 14:25:41 INFO mapreduce.Job:  map 41% reduce 0%
25/11/30 14:25:42 INFO mapreduce.Job:  map 43% reduce 0%
25/11/30 14:25:45 INFO mapreduce.Job:  map 45% reduce 0%
25/11/30 14:25:47 INFO mapreduce.Job:  map 47% reduce 0%
25/11/30 14:25:48 INFO mapreduce.Job:  map 50% reduce 0%
25/11/30 14:25:49 INFO mapreduce.Job:  map 52% reduce 6%
25/11/30 14:25:50 INFO mapreduce.Job:  map 56% reduce 6%
25/11/30 14:25:51 INFO mapreduce.Job:  map 57% reduce 6%
25/11/30 14:25:53 INFO mapreduce.Job:  map 58% reduce 6%
25/11/30 14:25:54 INFO mapreduce.Job:  map 59% reduce 6%
25/11/30 14:25:56 INFO mapreduce.Job:  map 60% reduce 6%
25/11/30 14:25:57 INFO mapreduce.Job:  map 62% reduce 6%
25/11/30 14:25:58 INFO mapreduce.Job:  map 65% reduce 6%
25/11/30 14:25:59 INFO mapreduce.Job:  map 67% reduce 6%
25/11/30 14:26:00 INFO mapreduce.Job:  map 68% reduce 6%
25/11/30 14:26:01 INFO mapreduce.Job:  map 69% reduce 6%
25/11/30 14:26:04 INFO mapreduce.Job:  map 70% reduce 6%
25/11/30 14:26:07 INFO mapreduce.Job:  map 71% reduce 6%
25/11/30 14:26:10 INFO mapreduce.Job:  map 72% reduce 6%
25/11/30 14:26:11 INFO mapreduce.Job:  map 73% reduce 6%
25/11/30 14:26:13 INFO mapreduce.Job:  map 74% reduce 6%
25/11/30 14:26:16 INFO mapreduce.Job:  map 75% reduce 6%
25/11/30 14:26:18 INFO mapreduce.Job:  map 76% reduce 6%
25/11/30 14:26:21 INFO mapreduce.Job:  map 77% reduce 6%
25/11/30 14:26:22 INFO mapreduce.Job:  map 78% reduce 6%
25/11/30 14:26:24 INFO mapreduce.Job:  map 79% reduce 6%
25/11/30 14:26:25 INFO mapreduce.Job:  map 80% reduce 6%
25/11/30 14:26:27 INFO mapreduce.Job:  map 81% reduce 6%
25/11/30 14:26:28 INFO mapreduce.Job:  map 83% reduce 6%
25/11/30 14:26:31 INFO mapreduce.Job:  map 85% reduce 6%
25/11/30 14:26:32 INFO mapreduce.Job:  map 87% reduce 6%
25/11/30 14:26:34 INFO mapreduce.Job:  map 88% reduce 6%
25/11/30 14:26:35 INFO mapreduce.Job:  map 90% reduce 6%
25/11/30 14:26:37 INFO mapreduce.Job:  map 92% reduce 6%
25/11/30 14:26:39 INFO mapreduce.Job:  map 93% reduce 6%
25/11/30 14:26:40 INFO mapreduce.Job:  map 94% reduce 11%
25/11/30 14:26:42 INFO mapreduce.Job:  map 95% reduce 11%
25/11/30 14:26:43 INFO mapreduce.Job:  map 95% reduce 22%
25/11/30 14:26:45 INFO mapreduce.Job:  map 97% reduce 22%
25/11/30 14:26:47 INFO mapreduce.Job:  map 98% reduce 22%
25/11/30 14:26:48 INFO mapreduce.Job:  map 99% reduce 22%
25/11/30 14:26:49 INFO mapreduce.Job:  map 99% reduce 28%
25/11/30 14:26:50 INFO mapreduce.Job:  map 100% reduce 28%
25/11/30 14:26:52 INFO mapreduce.Job:  map 100% reduce 67%
25/11/30 14:26:55 INFO mapreduce.Job:  map 100% reduce 69%
25/11/30 14:26:58 INFO mapreduce.Job:  map 100% reduce 71%
25/11/30 14:27:01 INFO mapreduce.Job:  map 100% reduce 73%
25/11/30 14:27:04 INFO mapreduce.Job:  map 100% reduce 75%
25/11/30 14:27:07 INFO mapreduce.Job:  map 100% reduce 76%
25/11/30 14:27:10 INFO mapreduce.Job:  map 100% reduce 78%
25/11/30 14:27:13 INFO mapreduce.Job:  map 100% reduce 80%
25/11/30 14:27:16 INFO mapreduce.Job:  map 100% reduce 81%
25/11/30 14:27:19 INFO mapreduce.Job:  map 100% reduce 83%
25/11/30 14:27:22 INFO mapreduce.Job:  map 100% reduce 85%
25/11/30 14:27:25 INFO mapreduce.Job:  map 100% reduce 86%
25/11/30 14:27:28 INFO mapreduce.Job:  map 100% reduce 88%
25/11/30 14:27:31 INFO mapreduce.Job:  map 100% reduce 89%
25/11/30 14:27:34 INFO mapreduce.Job:  map 100% reduce 91%
25/11/30 14:27:37 INFO mapreduce.Job:  map 100% reduce 93%
25/11/30 14:27:40 INFO mapreduce.Job:  map 100% reduce 94%
25/11/30 14:27:43 INFO mapreduce.Job:  map 100% reduce 96%
25/11/30 14:27:46 INFO mapreduce.Job:  map 100% reduce 98%
25/11/30 14:27:49 INFO mapreduce.Job:  map 100% reduce 99%
25/11/30 14:27:51 INFO mapreduce.Job:  map 100% reduce 100%
25/11/30 14:27:52 INFO mapreduce.Job: Job job_1764482064888_0006 completed successfully
25/11/30 14:27:52 INFO mapreduce.Job: Counters: 50
	File System Counters
		FILE: Number of bytes read=1957331156
		FILE: Number of bytes written=2958160819
		FILE: Number of read operations=0
		FILE: Number of large read operations=0
		FILE: Number of write operations=0
		HDFS: Number of bytes read=701021170
		HDFS: Number of bytes written=800000000
		HDFS: Number of read operations=21
		HDFS: Number of large read operations=0
		HDFS: Number of write operations=2
	Job Counters 
		Killed map tasks=2
		Launched map tasks=8
		Launched reduce tasks=1
		Data-local map tasks=8
		Total time spent by all maps in occupied slots (ms)=698261
		Total time spent by all reduces in occupied slots (ms)=131195
		Total time spent by all map tasks (ms)=698261
		Total time spent by all reduce tasks (ms)=131195
		Total vcore-milliseconds taken by all map tasks=698261
		Total vcore-milliseconds taken by all reduce tasks=131195
		Total megabyte-milliseconds taken by all map tasks=715019264
		Total megabyte-milliseconds taken by all reduce tasks=134343680
	Map-Reduce Framework
		Map input records=1000000
		Map output records=50000000
		Map output bytes=900000000
		Map output materialized bytes=1000000036
		Input split bytes=690
		Combine input records=97866550
		Combine output records=97866550
		Reduce input groups=50000000
		Reduce shuffle bytes=1000000036
		Reduce input records=50000000
		Reduce output records=50000000
		Spilled Records=147866550
		Shuffled Maps =6
		Failed Shuffles=0
		Merged Map outputs=6
		GC time elapsed (ms)=41104
		CPU time spent (ms)=354180
		Physical memory (bytes) snapshot=1387798528
		Virtual memory (bytes) snapshot=14802997248
		Total committed heap usage (bytes)=1344798720
	Shuffle Errors
		BAD_ID=0
		CONNECTION=0
		IO_ERROR=0
		WRONG_LENGTH=0
		WRONG_MAP=0
		WRONG_REDUCE=0
	File Input Format Counters 
		Bytes Read=701020480
	File Output Format Counters 
		Bytes Written=800000000
EXECUTION_TIME=196
