========================================
WordCount Without Combiner
========================================
Input:  /user/root/input/unique_data.txt
Output: /user/root/output/unique_without_combiner
Combiner: DISABLED
========================================
25/11/30 14:21:56 INFO client.RMProxy: Connecting to ResourceManager at master/192.168.204.132:8032
25/11/30 14:21:57 WARN mapreduce.JobResourceUploader: Hadoop command-line option parsing not performed. Implement the Tool interface and execute your application with ToolRunner to remedy this.
25/11/30 14:21:57 INFO input.FileInputFormat: Total input paths to process : 1
25/11/30 14:21:58 INFO mapreduce.JobSubmitter: number of splits:6
25/11/30 14:21:58 INFO mapreduce.JobSubmitter: Submitting tokens for job: job_1764482064888_0005
25/11/30 14:21:58 INFO impl.YarnClientImpl: Submitted application application_1764482064888_0005
25/11/30 14:21:58 INFO mapreduce.Job: The url to track the job: http://master:8088/proxy/application_1764482064888_0005/
25/11/30 14:21:58 INFO mapreduce.Job: Running job: job_1764482064888_0005
25/11/30 14:22:06 INFO mapreduce.Job: Job job_1764482064888_0005 running in uber mode : false
25/11/30 14:22:06 INFO mapreduce.Job:  map 0% reduce 0%
25/11/30 14:22:29 INFO mapreduce.Job:  map 6% reduce 0%
25/11/30 14:22:33 INFO mapreduce.Job:  map 12% reduce 0%
25/11/30 14:22:36 INFO mapreduce.Job:  map 14% reduce 0%
25/11/30 14:22:37 INFO mapreduce.Job:  map 15% reduce 0%
25/11/30 14:22:39 INFO mapreduce.Job:  map 16% reduce 0%
25/11/30 14:22:40 INFO mapreduce.Job:  map 18% reduce 0%
25/11/30 14:22:41 INFO mapreduce.Job:  map 19% reduce 0%
25/11/30 14:22:42 INFO mapreduce.Job:  map 25% reduce 0%
25/11/30 14:22:44 INFO mapreduce.Job:  map 26% reduce 0%
25/11/30 14:22:45 INFO mapreduce.Job:  map 27% reduce 0%
25/11/30 14:22:46 INFO mapreduce.Job:  map 28% reduce 0%
25/11/30 14:22:47 INFO mapreduce.Job:  map 30% reduce 0%
25/11/30 14:22:48 INFO mapreduce.Job:  map 31% reduce 0%
25/11/30 14:22:51 INFO mapreduce.Job:  map 37% reduce 0%
25/11/30 14:22:53 INFO mapreduce.Job:  map 38% reduce 0%
25/11/30 14:22:54 INFO mapreduce.Job:  map 40% reduce 0%
25/11/30 14:22:55 INFO mapreduce.Job:  map 41% reduce 0%
25/11/30 14:22:56 INFO mapreduce.Job:  map 45% reduce 0%
25/11/30 14:22:58 INFO mapreduce.Job:  map 47% reduce 0%
25/11/30 14:22:59 INFO mapreduce.Job:  map 49% reduce 0%
25/11/30 14:23:00 INFO mapreduce.Job:  map 52% reduce 0%
25/11/30 14:23:02 INFO mapreduce.Job:  map 57% reduce 6%
25/11/30 14:23:05 INFO mapreduce.Job:  map 65% reduce 6%
25/11/30 14:23:09 INFO mapreduce.Job:  map 67% reduce 6%
25/11/30 14:23:10 INFO mapreduce.Job:  map 69% reduce 6%
25/11/30 14:23:11 INFO mapreduce.Job:  map 74% reduce 6%
25/11/30 14:23:12 INFO mapreduce.Job:  map 76% reduce 6%
25/11/30 14:23:14 INFO mapreduce.Job:  map 79% reduce 6%
25/11/30 14:23:15 INFO mapreduce.Job:  map 81% reduce 6%
25/11/30 14:23:16 INFO mapreduce.Job:  map 82% reduce 6%
25/11/30 14:23:17 INFO mapreduce.Job:  map 87% reduce 6%
25/11/30 14:23:19 INFO mapreduce.Job:  map 90% reduce 6%
25/11/30 14:23:20 INFO mapreduce.Job:  map 92% reduce 6%
25/11/30 14:23:21 INFO mapreduce.Job:  map 94% reduce 6%
25/11/30 14:23:22 INFO mapreduce.Job:  map 96% reduce 6%
25/11/30 14:23:23 INFO mapreduce.Job:  map 97% reduce 17%
25/11/30 14:23:24 INFO mapreduce.Job:  map 98% reduce 17%
25/11/30 14:23:27 INFO mapreduce.Job:  map 100% reduce 22%
25/11/30 14:23:30 INFO mapreduce.Job:  map 100% reduce 67%
25/11/30 14:23:33 INFO mapreduce.Job:  map 100% reduce 68%
25/11/30 14:23:36 INFO mapreduce.Job:  map 100% reduce 70%
25/11/30 14:23:39 INFO mapreduce.Job:  map 100% reduce 72%
25/11/30 14:23:42 INFO mapreduce.Job:  map 100% reduce 73%
25/11/30 14:23:45 INFO mapreduce.Job:  map 100% reduce 74%
25/11/30 14:23:48 INFO mapreduce.Job:  map 100% reduce 76%
25/11/30 14:23:52 INFO mapreduce.Job:  map 100% reduce 78%
25/11/30 14:23:55 INFO mapreduce.Job:  map 100% reduce 80%
25/11/30 14:23:58 INFO mapreduce.Job:  map 100% reduce 81%
25/11/30 14:24:01 INFO mapreduce.Job:  map 100% reduce 83%
25/11/30 14:24:04 INFO mapreduce.Job:  map 100% reduce 85%
25/11/30 14:24:07 INFO mapreduce.Job:  map 100% reduce 87%
25/11/30 14:24:10 INFO mapreduce.Job:  map 100% reduce 88%
25/11/30 14:24:13 INFO mapreduce.Job:  map 100% reduce 90%
25/11/30 14:24:16 INFO mapreduce.Job:  map 100% reduce 92%
25/11/30 14:24:19 INFO mapreduce.Job:  map 100% reduce 94%
25/11/30 14:24:22 INFO mapreduce.Job:  map 100% reduce 96%
25/11/30 14:24:25 INFO mapreduce.Job:  map 100% reduce 97%
25/11/30 14:24:28 INFO mapreduce.Job:  map 100% reduce 98%
25/11/30 14:24:31 INFO mapreduce.Job:  map 100% reduce 100%
25/11/30 14:24:33 INFO mapreduce.Job: Job job_1764482064888_0005 completed successfully
25/11/30 14:24:34 INFO mapreduce.Job: Counters: 50
	File System Counters
		FILE: Number of bytes read=1957331156
		FILE: Number of bytes written=2958159678
		FILE: Number of read operations=0
		FILE: Number of large read operations=0
		FILE: Number of write operations=0
		HDFS: Number of bytes read=701021170
		HDFS: Number of bytes written=800000000
		HDFS: Number of read operations=21
		HDFS: Number of large read operations=0
		HDFS: Number of write operations=2
	Job Counters 
		Killed map tasks=2
		Launched map tasks=8
		Launched reduce tasks=1
		Data-local map tasks=8
		Total time spent by all maps in occupied slots (ms)=459767
		Total time spent by all reduces in occupied slots (ms)=99962
		Total time spent by all map tasks (ms)=459767
		Total time spent by all reduce tasks (ms)=99962
		Total vcore-milliseconds taken by all map tasks=459767
		Total vcore-milliseconds taken by all reduce tasks=99962
		Total megabyte-milliseconds taken by all map tasks=470801408
		Total megabyte-milliseconds taken by all reduce tasks=102361088
	Map-Reduce Framework
		Map input records=1000000
		Map output records=50000000
		Map output bytes=900000000
		Map output materialized bytes=1000000036
		Input split bytes=690
		Combine input records=0
		Combine output records=0
		Reduce input groups=50000000
		Reduce shuffle bytes=1000000036
		Reduce input records=50000000
		Reduce output records=50000000
		Spilled Records=147866550
		Shuffled Maps =6
		Failed Shuffles=0
		Merged Map outputs=6
		GC time elapsed (ms)=32956
		CPU time spent (ms)=276490
		Physical memory (bytes) snapshot=1481416704
		Virtual memory (bytes) snapshot=14812487680
		Total committed heap usage (bytes)=1336934400
	Shuffle Errors
		BAD_ID=0
		CONNECTION=0
		IO_ERROR=0
		WRONG_LENGTH=0
		WRONG_MAP=0
		WRONG_REDUCE=0
	File Input Format Counters 
		Bytes Read=701020480
	File Output Format Counters 
		Bytes Written=800000000
EXECUTION_TIME=161
